<?xml version="1.0" encoding="UTF-8"?>
<testng-results ignored="0" total="1" passed="1" failed="0" skipped="0">
  <reporter-output>
  </reporter-output>
  <suite started-at="2024-08-14T17:30:15 IST" name="Default suite" finished-at="2024-08-14T17:30:26 IST" duration-ms="11081">
    <groups>
    </groups>
    <test started-at="2024-08-14T17:30:15 IST" name="Default test" finished-at="2024-08-14T17:30:26 IST" duration-ms="11081">
      <class name="Selenium_Assignment.Ebay_Search_Functionality">
        <test-method is-config="true" signature="setup()[pri:0, instance:Selenium_Assignment.Ebay_Search_Functionality@221a3fa4]" started-at="2024-08-14T17:30:15 IST" name="setup" finished-at="2024-08-14T17:30:18 IST" duration-ms="3048" status="PASS">
          <reporter-output>
          </reporter-output>
        </test-method> <!-- setup -->
        <test-method signature="Test1()[pri:1, instance:Selenium_Assignment.Ebay_Search_Functionality@221a3fa4]" started-at="2024-08-14T17:30:18 IST" name="Test1" finished-at="2024-08-14T17:30:26 IST" duration-ms="7728" status="PASS">
          <reporter-output>
          </reporter-output>
        </test-method> <!-- Test1 -->
        <test-method is-config="true" signature="tearDown()[pri:0, instance:Selenium_Assignment.Ebay_Search_Functionality@221a3fa4]" started-at="2024-08-14T17:30:26 IST" name="tearDown" finished-at="2024-08-14T17:30:26 IST" duration-ms="235" status="PASS">
          <reporter-output>
          </reporter-output>
        </test-method> <!-- tearDown -->
      </class> <!-- Selenium_Assignment.Ebay_Search_Functionality -->
    </test> <!-- Default test -->
  </suite> <!-- Default suite -->
</testng-results>
